[debug] > Exec(~run, None, None)
[debug] > Exec(__runWatch console0, None, None)
[debug] > Exec(sbtStashOnFailure, None, None)
[debug] > Exec(__preWatch console0, None, None)
[debug] > Exec(run, None, None)
[debug] Evaluating tasks: Compile / run
[debug] Running task... Cancel: Signal, check cycles: false, forcegc: true
[info] compiling 1 Scala source to C:\Users\abhij\OneDrive\Desktop\untitled\target\scala-3.1.0\classes ...
[warn] -- [E029] Pattern Match Exhaustivity Warning: C:\Users\abhij\OneDrive\Desktop\untitled\src\main\scala\SetDSL.scala:24:6 
[warn] 24 |      this match{
[warn]    |      ^^^^
[warn]    |match may not be exhaustive.
[warn]    |
[warn]    |It would fail on pattern case: SetOp1.CartesianProduct(_, _), SetOp1.Macro(_, _)
[warn] one warning found
[warn] one warning found
[info] done compiling
[success] Total time: 1 s, completed Feb 11, 2022, 1:31:50 AM
[debug] > Exec(resumeFromFailure, None, None)
[debug] > Exec(sbtPopOnFailure, None, None)
[debug] > Exec(__postWatch console0, None, None)
[debug] > Exec(__waitWatch console0, None, None)
